[debug] [2025-03-11T07:35:25.645Z] ----------------------------------------------------------------------
[debug] [2025-03-11T07:35:25.647Z] Command:       C:\Program Files\nodejs\node.exe C:\Users\Ariel Irmawan\AppData\Roaming\npm\node_modules\firebase-tools\lib\bin\firebase.js emulators:start
[debug] [2025-03-11T07:35:25.647Z] CLI Version:   13.33.0
[debug] [2025-03-11T07:35:25.648Z] Platform:      win32
[debug] [2025-03-11T07:35:25.648Z] Node Version:  v20.18.0
[debug] [2025-03-11T07:35:25.648Z] Time:          Tue Mar 11 2025 14:35:25 GMT+0700 (Western Indonesia Time)
[debug] [2025-03-11T07:35:25.648Z] ----------------------------------------------------------------------
[debug] 
[debug] [2025-03-11T07:35:25.824Z] > command requires scopes: ["email","openid","https://www.googleapis.com/auth/cloudplatformprojects.readonly","https://www.googleapis.com/auth/firebase","https://www.googleapis.com/auth/cloud-platform"]
[debug] [2025-03-11T07:35:25.825Z] > authorizing via signed-in user (ariel.irmawan@aqi.co.id)
[info] i  emulators: Starting emulators: functions, extensions {"metadata":{"emulator":{"name":"hub"},"message":"Starting emulators: functions, extensions"}}
[debug] [2025-03-11T07:35:25.828Z] Checked if tokens are valid: false, expires at: 1741679100487
[debug] [2025-03-11T07:35:25.828Z] Checked if tokens are valid: false, expires at: 1741679100487
[debug] [2025-03-11T07:35:25.829Z] > refreshing access token with scopes: []
[debug] [2025-03-11T07:35:25.830Z] >>> [apiv2][query] POST https://www.googleapis.com/oauth2/v3/token [none]
[debug] [2025-03-11T07:35:25.830Z] >>> [apiv2][body] POST https://www.googleapis.com/oauth2/v3/token [omitted]
[debug] [2025-03-11T07:35:26.047Z] <<< [apiv2][status] POST https://www.googleapis.com/oauth2/v3/token 200
[debug] [2025-03-11T07:35:26.047Z] <<< [apiv2][body] POST https://www.googleapis.com/oauth2/v3/token [omitted]
[debug] [2025-03-11T07:35:26.060Z] >>> [apiv2][query] GET https://cloudresourcemanager.googleapis.com/v1/projects/poc-tp-vantage [none]
[debug] [2025-03-11T07:35:27.230Z] <<< [apiv2][status] GET https://cloudresourcemanager.googleapis.com/v1/projects/poc-tp-vantage 200
[debug] [2025-03-11T07:35:27.230Z] <<< [apiv2][body] GET https://cloudresourcemanager.googleapis.com/v1/projects/poc-tp-vantage {"projectNumber":"189785522979","projectId":"poc-tp-vantage","lifecycleState":"ACTIVE","name":"POC TP Vantage","labels":{"firebase":"enabled"},"createTime":"2024-05-03T08:43:18.257647Z","parent":{"type":"organization","id":"447054045480"}}
[debug] [2025-03-11T07:35:27.237Z] [logging] Logging Emulator only supports listening on one address (127.0.0.1). Not listening on ::1
[debug] [2025-03-11T07:35:27.237Z] assigned listening specs for emulators {"user":{"hub":[{"address":"127.0.0.1","family":"IPv4","port":4400},{"address":"::1","family":"IPv6","port":4400}],"ui":[{"address":"127.0.0.1","family":"IPv4","port":4000},{"address":"::1","family":"IPv6","port":4000}],"logging":[{"address":"127.0.0.1","family":"IPv4","port":4500}]},"metadata":{"message":"assigned listening specs for emulators"}}
[debug] [2025-03-11T07:35:27.240Z] [hub] writing locator at C:\Users\ARIELI~1\AppData\Local\Temp\hub-poc-tp-vantage.json
[debug] [2025-03-11T07:35:27.247Z] [Extensions] Started Extensions emulator, this is a noop.
[debug] [2025-03-11T07:35:27.251Z] [functions] Functions Emulator only supports listening on one address (127.0.0.1). Not listening on ::1
[debug] [2025-03-11T07:35:27.251Z] [eventarc] Eventarc Emulator only supports listening on one address (127.0.0.1). Not listening on ::1
[debug] [2025-03-11T07:35:27.251Z] [tasks] Cloud Tasks Emulator only supports listening on one address (127.0.0.1). Not listening on ::1
[debug] [2025-03-11T07:35:27.251Z] late-assigned ports for functions and eventarc emulators {"user":{"hub":[{"address":"127.0.0.1","family":"IPv4","port":4400},{"address":"::1","family":"IPv6","port":4400}],"ui":[{"address":"127.0.0.1","family":"IPv4","port":4000},{"address":"::1","family":"IPv6","port":4000}],"logging":[{"address":"127.0.0.1","family":"IPv4","port":4500}],"functions":[{"address":"127.0.0.1","family":"IPv4","port":5001}],"eventarc":[{"address":"127.0.0.1","family":"IPv4","port":9299}],"tasks":[{"address":"127.0.0.1","family":"IPv4","port":9499}]},"metadata":{"message":"late-assigned ports for functions and eventarc emulators"}}
[warn] !  functions: The following emulators are not running, calls to these services from the Functions emulator will affect production: apphosting, auth, firestore, database, hosting, pubsub, storage, dataconnect {"metadata":{"emulator":{"name":"functions"},"message":"The following emulators are not running, calls to these services from the Functions emulator will affect production: \u001b[1mapphosting, auth, firestore, database, hosting, pubsub, storage, dataconnect\u001b[22m"}}
[debug] [2025-03-11T07:35:27.254Z] defaultcredentials: writing to file C:\Users\Ariel Irmawan\AppData\Roaming\firebase\ariel_irmawan_aqi.co.id_application_default_credentials.json
[debug] [2025-03-11T07:35:27.256Z] Setting GAC to C:\Users\Ariel Irmawan\AppData\Roaming\firebase\ariel_irmawan_aqi.co.id_application_default_credentials.json {"metadata":{"emulator":{"name":"functions"},"message":"Setting GAC to C:\\Users\\Ariel Irmawan\\AppData\\Roaming\\firebase\\ariel_irmawan_aqi.co.id_application_default_credentials.json"}}
[debug] [2025-03-11T07:35:27.257Z] Checked if tokens are valid: true, expires at: 1741682125047
[debug] [2025-03-11T07:35:27.257Z] Checked if tokens are valid: true, expires at: 1741682125047
[debug] [2025-03-11T07:35:27.257Z] >>> [apiv2][query] GET https://firebase.googleapis.com/v1beta1/projects/poc-tp-vantage/adminSdkConfig [none]
[debug] [2025-03-11T07:35:27.647Z] <<< [apiv2][status] GET https://firebase.googleapis.com/v1beta1/projects/poc-tp-vantage/adminSdkConfig 200
[debug] [2025-03-11T07:35:27.648Z] <<< [apiv2][body] GET https://firebase.googleapis.com/v1beta1/projects/poc-tp-vantage/adminSdkConfig {"projectId":"poc-tp-vantage","storageBucket":"poc-tp-vantage.firebasestorage.app"}
[debug] [2025-03-11T07:35:27.669Z] [Extensions] Connecting Extensions emulator, this is a noop.
[info] i  functions: Watching "C:\Users\Ariel Irmawan\Desktop\Kintone\Vantage\Vantage-mailing\functions" for Cloud Functions... {"metadata":{"emulator":{"name":"functions"},"message":"Watching \"C:\\Users\\Ariel Irmawan\\Desktop\\Kintone\\Vantage\\Vantage-mailing\\functions\" for Cloud Functions..."}}
[debug] [2025-03-11T07:35:27.675Z] Validating nodejs source
[debug] [2025-03-11T07:35:28.663Z] > [functions] package.json contents: {
  "name": "functions",
  "scripts": {
    "build": "tsc",
    "build:watch": "tsc --watch",
    "serve": "npm run build && firebase emulators:start --only functions",
    "shell": "npm run build && firebase functions:shell",
    "start": "npm run shell",
    "deploy": "firebase deploy --only functions",
    "logs": "firebase functions:log"
  },
  "engines": {
    "node": "22"
  },
  "main": "lib/functions/src/index.js",
  "dependencies": {
    "@google-cloud/storage": "^7.15.2",
    "cors": "^2.8.5",
    "express": "^4.21.2",
    "firebase-admin": "^13.2.0",
    "firebase-functions": "^6.3.2"
  },
  "devDependencies": {
    "firebase-functions-test": "^3.1.0",
    "typescript": "^5.8.2"
  },
  "private": true
}
[debug] [2025-03-11T07:35:28.663Z] Building nodejs source
[debug] [2025-03-11T07:35:28.663Z] Failed to find version of module node: reached end of search path C:\Users\Ariel Irmawan\Desktop\Kintone\Vantage\Vantage-mailing\functions\node_modules
[warn] !  functions: Your requested "node" version "22" doesn't match your global version "20". Using node@20 from host. 
[debug] [2025-03-11T07:35:28.665Z] Could not find functions.yaml. Must use http discovery
[debug] [2025-03-11T07:35:28.670Z] Found firebase-functions binary at 'C:\Users\Ariel Irmawan\Desktop\Kintone\Vantage\Vantage-mailing\functions\node_modules\.bin\firebase-functions'
[info] Serving at port 8455

[debug] [2025-03-11T07:35:29.292Z] Got response from /__/functions.yaml {"endpoints":{"api":{"availableMemoryMb":null,"timeoutSeconds":null,"minInstances":null,"maxInstances":null,"ingressSettings":null,"concurrency":null,"serviceAccountEmail":null,"vpc":null,"platform":"gcfv2","labels":{},"httpsTrigger":{},"entryPoint":"api"}},"specVersion":"v1alpha1","requiredAPIs":[],"extensions":{}}
[debug] [2025-03-11T07:35:33.336Z] defaultcredentials: writing to file C:\Users\Ariel Irmawan\AppData\Roaming\firebase\ariel_irmawan_aqi.co.id_application_default_credentials.json
[debug] [2025-03-11T07:35:33.337Z] Setting GAC to C:\Users\Ariel Irmawan\AppData\Roaming\firebase\ariel_irmawan_aqi.co.id_application_default_credentials.json {"metadata":{"emulator":{"name":"functions"},"message":"Setting GAC to C:\\Users\\Ariel Irmawan\\AppData\\Roaming\\firebase\\ariel_irmawan_aqi.co.id_application_default_credentials.json"}}
[info] +  functions: Loaded functions definitions from source: api. {"metadata":{"emulator":{"name":"functions"},"message":"Loaded functions definitions from source: api."}}
[info] +  functions[us-central1-api]: http function initialized (http://127.0.0.1:5001/poc-tp-vantage/us-central1/api). {"metadata":{"emulator":{"name":"functions"},"message":"\u001b[1mhttp\u001b[22m function initialized (http://127.0.0.1:5001/poc-tp-vantage/us-central1/api)."}}
[debug] [2025-03-11T07:35:33.343Z] Could not find VSCode notification endpoint: FetchError: request to http://localhost:40001/vscode/notify failed, reason: . If you are not running the Firebase Data Connect VSCode extension, this is expected and not an issue.
[info] 
┌─────────────────────────────────────────────────────────────┐
│ ✔  All emulators ready! It is now safe to connect your app. │
│ i  View Emulator UI at http://127.0.0.1:4000/               │
└─────────────────────────────────────────────────────────────┘

┌────────────┬────────────────┬──────────────────────────────────┐
│ Emulator   │ Host:Port      │ View in Emulator UI              │
├────────────┼────────────────┼──────────────────────────────────┤
│ Functions  │ 127.0.0.1:5001 │ http://127.0.0.1:4000/functions  │
├────────────┼────────────────┼──────────────────────────────────┤
│ Extensions │ 127.0.0.1:5001 │ http://127.0.0.1:4000/extensions │
└────────────┴────────────────┴──────────────────────────────────┘
  Emulator Hub host: 127.0.0.1 port: 4400
  Other reserved ports: 4500
┌─────────────────────────┬───────────────┬─────────────────────┐
│ Extension Instance Name │ Extension Ref │ View in Emulator UI │
└─────────────────────────┴───────────────┴─────────────────────┘
Issues? Report them at https://github.com/firebase/firebase-tools/issues and attach the *-debug.log files.
 
[debug] [2025-03-11T07:35:36.118Z] [work-queue] {"queuedWork":["/poc-tp-vantage/us-central1/api/email/post-2025-03-11T07:35:36.118Z"],"queueLength":1,"runningWork":[],"workRunningCount":0}
[debug] [2025-03-11T07:35:36.118Z] [work-queue] {"queuedWork":[],"queueLength":0,"runningWork":["/poc-tp-vantage/us-central1/api/email/post-2025-03-11T07:35:36.118Z"],"workRunningCount":1}
[debug] [2025-03-11T07:35:36.119Z] Accepted request POST /poc-tp-vantage/us-central1/api/email/post --> us-central1-api
[debug] [2025-03-11T07:35:36.119Z] [functions] Runtime ready! Sending request! {"metadata":{"emulator":{"name":"functions"},"message":"[functions] Runtime ready! Sending request!"}}
[debug] [2025-03-11T07:35:36.119Z] [functions] Got req.url=/poc-tp-vantage/us-central1/api/email/post, mapping to path=/email/post {"metadata":{"emulator":{"name":"functions"},"message":"[functions] Got req.url=/poc-tp-vantage/us-central1/api/email/post, mapping to path=/email/post"}}
[debug] [2025-03-11T07:35:36.132Z] [worker-pool] addWorker(us-central1-api) {"metadata":{"emulator":{"name":"functions"},"message":"[worker-pool] addWorker(us-central1-api)"}}
[debug] [2025-03-11T07:35:36.133Z] [worker-pool] Adding worker with key us-central1-api, total=1 {"metadata":{"emulator":{"name":"functions"},"message":"[worker-pool] Adding worker with key us-central1-api, total=1"}}
[debug] [2025-03-11T07:35:37.203Z] [runtime-status] [22764] Resolved module firebase-admin {"declared":true,"installed":true,"version":"13.2.0","resolution":"C:\\Users\\Ariel Irmawan\\Desktop\\Kintone\\Vantage\\Vantage-mailing\\functions\\node_modules\\firebase-admin\\lib\\index.js"} {"metadata":{"emulator":{"name":"functions"},"function":{"name":"us-central1-api"},"extension":{},"message":"[runtime-status] [22764] Resolved module firebase-admin {\"declared\":true,\"installed\":true,\"version\":\"13.2.0\",\"resolution\":\"C:\\\\Users\\\\Ariel Irmawan\\\\Desktop\\\\Kintone\\\\Vantage\\\\Vantage-mailing\\\\functions\\\\node_modules\\\\firebase-admin\\\\lib\\\\index.js\"}"}}
[debug] [2025-03-11T07:35:37.204Z] [runtime-status] [22764] Resolved module firebase-functions {"declared":true,"installed":true,"version":"6.3.2","resolution":"C:\\Users\\Ariel Irmawan\\Desktop\\Kintone\\Vantage\\Vantage-mailing\\functions\\node_modules\\firebase-functions\\lib\\v2\\index.js"} {"metadata":{"emulator":{"name":"functions"},"function":{"name":"us-central1-api"},"extension":{},"message":"[runtime-status] [22764] Resolved module firebase-functions {\"declared\":true,\"installed\":true,\"version\":\"6.3.2\",\"resolution\":\"C:\\\\Users\\\\Ariel Irmawan\\\\Desktop\\\\Kintone\\\\Vantage\\\\Vantage-mailing\\\\functions\\\\node_modules\\\\firebase-functions\\\\lib\\\\v2\\\\index.js\"}"}}
[debug] [2025-03-11T07:35:37.204Z] [runtime-status] [22764] Outgoing network have been stubbed. [{"name":"http","status":"mocked"},{"name":"http","status":"mocked"},{"name":"https","status":"mocked"},{"name":"https","status":"mocked"},{"name":"net","status":"mocked"}] {"metadata":{"emulator":{"name":"functions"},"function":{"name":"us-central1-api"},"extension":{},"message":"[runtime-status] [22764] Outgoing network have been stubbed. [{\"name\":\"http\",\"status\":\"mocked\"},{\"name\":\"http\",\"status\":\"mocked\"},{\"name\":\"https\",\"status\":\"mocked\"},{\"name\":\"https\",\"status\":\"mocked\"},{\"name\":\"net\",\"status\":\"mocked\"}]"}}
[debug] [2025-03-11T07:35:37.205Z] [runtime-status] [22764] Resolved module firebase-functions {"declared":true,"installed":true,"version":"6.3.2","resolution":"C:\\Users\\Ariel Irmawan\\Desktop\\Kintone\\Vantage\\Vantage-mailing\\functions\\node_modules\\firebase-functions\\lib\\v2\\index.js"} {"metadata":{"emulator":{"name":"functions"},"function":{"name":"us-central1-api"},"extension":{},"message":"[runtime-status] [22764] Resolved module firebase-functions {\"declared\":true,\"installed\":true,\"version\":\"6.3.2\",\"resolution\":\"C:\\\\Users\\\\Ariel Irmawan\\\\Desktop\\\\Kintone\\\\Vantage\\\\Vantage-mailing\\\\functions\\\\node_modules\\\\firebase-functions\\\\lib\\\\v2\\\\index.js\"}"}}
[debug] [2025-03-11T07:35:37.507Z] [runtime-status] [22764] Checked functions.config() {"config":{}} {"metadata":{"emulator":{"name":"functions"},"function":{"name":"us-central1-api"},"extension":{},"message":"[runtime-status] [22764] Checked functions.config() {\"config\":{}}"}}
[debug] [2025-03-11T07:35:37.507Z] [runtime-status] [22764] firebase-functions has been stubbed. {"functionsResolution":{"declared":true,"installed":true,"version":"6.3.2","resolution":"C:\\Users\\Ariel Irmawan\\Desktop\\Kintone\\Vantage\\Vantage-mailing\\functions\\node_modules\\firebase-functions\\lib\\v2\\index.js"}} {"metadata":{"emulator":{"name":"functions"},"function":{"name":"us-central1-api"},"extension":{},"message":"[runtime-status] [22764] firebase-functions has been stubbed. {\"functionsResolution\":{\"declared\":true,\"installed\":true,\"version\":\"6.3.2\",\"resolution\":\"C:\\\\Users\\\\Ariel Irmawan\\\\Desktop\\\\Kintone\\\\Vantage\\\\Vantage-mailing\\\\functions\\\\node_modules\\\\firebase-functions\\\\lib\\\\v2\\\\index.js\"}}"}}
[debug] [2025-03-11T07:35:37.508Z] [runtime-status] [22764] Resolved module firebase-functions {"declared":true,"installed":true,"version":"6.3.2","resolution":"C:\\Users\\Ariel Irmawan\\Desktop\\Kintone\\Vantage\\Vantage-mailing\\functions\\node_modules\\firebase-functions\\lib\\v2\\index.js"} {"metadata":{"emulator":{"name":"functions"},"function":{"name":"us-central1-api"},"extension":{},"message":"[runtime-status] [22764] Resolved module firebase-functions {\"declared\":true,\"installed\":true,\"version\":\"6.3.2\",\"resolution\":\"C:\\\\Users\\\\Ariel Irmawan\\\\Desktop\\\\Kintone\\\\Vantage\\\\Vantage-mailing\\\\functions\\\\node_modules\\\\firebase-functions\\\\lib\\\\v2\\\\index.js\"}"}}
[debug] [2025-03-11T07:35:37.511Z] [runtime-status] [22764] Resolved module firebase-admin {"declared":true,"installed":true,"version":"13.2.0","resolution":"C:\\Users\\Ariel Irmawan\\Desktop\\Kintone\\Vantage\\Vantage-mailing\\functions\\node_modules\\firebase-admin\\lib\\index.js"} {"metadata":{"emulator":{"name":"functions"},"function":{"name":"us-central1-api"},"extension":{},"message":"[runtime-status] [22764] Resolved module firebase-admin {\"declared\":true,\"installed\":true,\"version\":\"13.2.0\",\"resolution\":\"C:\\\\Users\\\\Ariel Irmawan\\\\Desktop\\\\Kintone\\\\Vantage\\\\Vantage-mailing\\\\functions\\\\node_modules\\\\firebase-admin\\\\lib\\\\index.js\"}"}}
[debug] [2025-03-11T07:35:37.513Z] [runtime-status] [22764] Resolved module firebase-functions {"declared":true,"installed":true,"version":"6.3.2","resolution":"C:\\Users\\Ariel Irmawan\\Desktop\\Kintone\\Vantage\\Vantage-mailing\\functions\\node_modules\\firebase-functions\\lib\\v2\\index.js"} {"metadata":{"emulator":{"name":"functions"},"function":{"name":"us-central1-api"},"extension":{},"message":"[runtime-status] [22764] Resolved module firebase-functions {\"declared\":true,\"installed\":true,\"version\":\"6.3.2\",\"resolution\":\"C:\\\\Users\\\\Ariel Irmawan\\\\Desktop\\\\Kintone\\\\Vantage\\\\Vantage-mailing\\\\functions\\\\node_modules\\\\firebase-functions\\\\lib\\\\v2\\\\index.js\"}"}}
[debug] [2025-03-11T07:35:37.514Z] [runtime-status] [22764] firebase-admin has been stubbed. {"adminResolution":{"declared":true,"installed":true,"version":"13.2.0","resolution":"C:\\Users\\Ariel Irmawan\\Desktop\\Kintone\\Vantage\\Vantage-mailing\\functions\\node_modules\\firebase-admin\\lib\\index.js"}} {"metadata":{"emulator":{"name":"functions"},"function":{"name":"us-central1-api"},"extension":{},"message":"[runtime-status] [22764] firebase-admin has been stubbed. {\"adminResolution\":{\"declared\":true,\"installed\":true,\"version\":\"13.2.0\",\"resolution\":\"C:\\\\Users\\\\Ariel Irmawan\\\\Desktop\\\\Kintone\\\\Vantage\\\\Vantage-mailing\\\\functions\\\\node_modules\\\\firebase-admin\\\\lib\\\\index.js\"}}"}}
[debug] [2025-03-11T07:35:37.660Z] [runtime-status] [22764] initializeApp(DEFAULT) {"storageBucket":"poc-tp-vantage.firebasestorage.app","projectId":"poc-tp-vantage"} {"metadata":{"emulator":{"name":"functions"},"function":{"name":"us-central1-api"},"extension":{},"message":"[runtime-status] [22764] initializeApp(DEFAULT) {\"storageBucket\":\"poc-tp-vantage.firebasestorage.app\",\"projectId\":\"poc-tp-vantage\"}"}}
[debug] [2025-03-11T07:35:37.664Z] [runtime-status] [22764] Functions runtime initialized. {"cwd":"C:\\Users\\Ariel Irmawan\\Desktop\\Kintone\\Vantage\\Vantage-mailing\\functions","node_version":"20.18.0"} {"metadata":{"emulator":{"name":"functions"},"function":{"name":"us-central1-api"},"extension":{},"message":"[runtime-status] [22764] Functions runtime initialized. {\"cwd\":\"C:\\\\Users\\\\Ariel Irmawan\\\\Desktop\\\\Kintone\\\\Vantage\\\\Vantage-mailing\\\\functions\",\"node_version\":\"20.18.0\"}"}}
[debug] [2025-03-11T07:35:37.665Z] [runtime-status] [22764] Listening to port: \\?\pipe\fire_emu_a7f23a1c836b8fa9 {"metadata":{"emulator":{"name":"functions"},"function":{"name":"us-central1-api"},"extension":{},"message":"[runtime-status] [22764] Listening to port: \\\\?\\pipe\\fire_emu_a7f23a1c836b8fa9"}}
[debug] [2025-03-11T07:35:37.766Z] [worker-us-central1-api-9c3410ef-ed92-42bc-8e5b-5d04093d2aa8]: IDLE {"metadata":{"emulator":{"name":"functions"},"function":{"name":"us-central1-api"},"extension":{},"message":"[worker-us-central1-api-9c3410ef-ed92-42bc-8e5b-5d04093d2aa8]: IDLE"}}
[debug] [2025-03-11T07:35:37.767Z] [worker-pool] submitRequest(triggerId=us-central1-api) {"metadata":{"emulator":{"name":"functions"},"message":"[worker-pool] submitRequest(triggerId=us-central1-api)"}}
[info] i  functions: Beginning execution of "us-central1-api" {"metadata":{"emulator":{"name":"functions"},"function":{"name":"us-central1-api"},"extension":{},"message":"Beginning execution of \"us-central1-api\""}}
[debug] [2025-03-11T07:35:37.768Z] [worker-us-central1-api-9c3410ef-ed92-42bc-8e5b-5d04093d2aa8]: BUSY {"metadata":{"emulator":{"name":"functions"},"function":{"name":"us-central1-api"},"extension":{},"message":"[worker-us-central1-api-9c3410ef-ed92-42bc-8e5b-5d04093d2aa8]: BUSY"}}
[info] >  ini req body: <Buffer 2d 2d 2d 2d 2d 2d 2d 2d 2d 2d 2d 2d 2d 2d 2d 2d 2d 2d 2d 2d 2d 2d 2d 2d 2d 2d 2d 2d 37 38 30 38 35 32 32 33 39 31 34 39 36 38 38 30 39 36 35 38 35 34 ... 96617 more bytes> {"user":"ini req body: <Buffer 2d 2d 2d 2d 2d 2d 2d 2d 2d 2d 2d 2d 2d 2d 2d 2d 2d 2d 2d 2d 2d 2d 2d 2d 2d 2d 2d 2d 37 38 30 38 35 32 32 33 39 31 34 39 36 38 38 30 39 36 35 38 35 34 ... 96617 more bytes>","metadata":{"emulator":{"name":"functions"},"function":{"name":"us-central1-api"},"extension":{},"message":"\u001b[90m> \u001b[39m ini req body: <Buffer 2d 2d 2d 2d 2d 2d 2d 2d 2d 2d 2d 2d 2d 2d 2d 2d 2d 2d 2d 2d 2d 2d 2d 2d 2d 2d 2d 2d 37 38 30 38 35 32 32 33 39 31 34 39 36 38 38 30 39 36 35 38 35 34 ... 96617 more bytes>"}}
[info] >  TypeError: Cannot read properties of undefined (reading 'replace') {"user":"TypeError: Cannot read properties of undefined (reading 'replace')","metadata":{"emulator":{"name":"functions"},"function":{"name":"us-central1-api"},"extension":{},"message":"\u001b[90m> \u001b[39m TypeError: Cannot read properties of undefined (reading 'replace')"}}
[info] >      at postEmail (C:\Users\Ariel Irmawan\Desktop\Kintone\Vantage\Vantage-mailing\functions\lib\src\Handlers\postEmail.js:74:42) {"user":"    at postEmail (C:\\Users\\Ariel Irmawan\\Desktop\\Kintone\\Vantage\\Vantage-mailing\\functions\\lib\\src\\Handlers\\postEmail.js:74:42)","metadata":{"emulator":{"name":"functions"},"function":{"name":"us-central1-api"},"extension":{},"message":"\u001b[90m> \u001b[39m     at postEmail (C:\\Users\\Ariel Irmawan\\Desktop\\Kintone\\Vantage\\Vantage-mailing\\functions\\lib\\src\\Handlers\\postEmail.js:74:42)"}}
[info] >      at Layer.handle [as handle_request] (C:\Users\Ariel Irmawan\Desktop\Kintone\Vantage\Vantage-mailing\functions\node_modules\express\lib\router\layer.js:95:5) {"user":"    at Layer.handle [as handle_request] (C:\\Users\\Ariel Irmawan\\Desktop\\Kintone\\Vantage\\Vantage-mailing\\functions\\node_modules\\express\\lib\\router\\layer.js:95:5)","metadata":{"emulator":{"name":"functions"},"function":{"name":"us-central1-api"},"extension":{},"message":"\u001b[90m> \u001b[39m     at Layer.handle [as handle_request] (C:\\Users\\Ariel Irmawan\\Desktop\\Kintone\\Vantage\\Vantage-mailing\\functions\\node_modules\\express\\lib\\router\\layer.js:95:5)"}}
[info] >      at next (C:\Users\Ariel Irmawan\Desktop\Kintone\Vantage\Vantage-mailing\functions\node_modules\express\lib\router\route.js:149:13) {"user":"    at next (C:\\Users\\Ariel Irmawan\\Desktop\\Kintone\\Vantage\\Vantage-mailing\\functions\\node_modules\\express\\lib\\router\\route.js:149:13)","metadata":{"emulator":{"name":"functions"},"function":{"name":"us-central1-api"},"extension":{},"message":"\u001b[90m> \u001b[39m     at next (C:\\Users\\Ariel Irmawan\\Desktop\\Kintone\\Vantage\\Vantage-mailing\\functions\\node_modules\\express\\lib\\router\\route.js:149:13)"}}
[info] >      at multipart (C:\Users\Ariel Irmawan\Desktop\Kintone\Vantage\Vantage-mailing\node_modules\connect-multiparty\index.js:49:27) {"user":"    at multipart (C:\\Users\\Ariel Irmawan\\Desktop\\Kintone\\Vantage\\Vantage-mailing\\node_modules\\connect-multiparty\\index.js:49:27)","metadata":{"emulator":{"name":"functions"},"function":{"name":"us-central1-api"},"extension":{},"message":"\u001b[90m> \u001b[39m     at multipart (C:\\Users\\Ariel Irmawan\\Desktop\\Kintone\\Vantage\\Vantage-mailing\\node_modules\\connect-multiparty\\index.js:49:27)"}}
[info] >      at Layer.handle [as handle_request] (C:\Users\Ariel Irmawan\Desktop\Kintone\Vantage\Vantage-mailing\functions\node_modules\express\lib\router\layer.js:95:5) {"user":"    at Layer.handle [as handle_request] (C:\\Users\\Ariel Irmawan\\Desktop\\Kintone\\Vantage\\Vantage-mailing\\functions\\node_modules\\express\\lib\\router\\layer.js:95:5)","metadata":{"emulator":{"name":"functions"},"function":{"name":"us-central1-api"},"extension":{},"message":"\u001b[90m> \u001b[39m     at Layer.handle [as handle_request] (C:\\Users\\Ariel Irmawan\\Desktop\\Kintone\\Vantage\\Vantage-mailing\\functions\\node_modules\\express\\lib\\router\\layer.js:95:5)"}}
[info] >      at next (C:\Users\Ariel Irmawan\Desktop\Kintone\Vantage\Vantage-mailing\functions\node_modules\express\lib\router\route.js:149:13) {"user":"    at next (C:\\Users\\Ariel Irmawan\\Desktop\\Kintone\\Vantage\\Vantage-mailing\\functions\\node_modules\\express\\lib\\router\\route.js:149:13)","metadata":{"emulator":{"name":"functions"},"function":{"name":"us-central1-api"},"extension":{},"message":"\u001b[90m> \u001b[39m     at next (C:\\Users\\Ariel Irmawan\\Desktop\\Kintone\\Vantage\\Vantage-mailing\\functions\\node_modules\\express\\lib\\router\\route.js:149:13)"}}
[info] >      at Route.dispatch (C:\Users\Ariel Irmawan\Desktop\Kintone\Vantage\Vantage-mailing\functions\node_modules\express\lib\router\route.js:119:3) {"user":"    at Route.dispatch (C:\\Users\\Ariel Irmawan\\Desktop\\Kintone\\Vantage\\Vantage-mailing\\functions\\node_modules\\express\\lib\\router\\route.js:119:3)","metadata":{"emulator":{"name":"functions"},"function":{"name":"us-central1-api"},"extension":{},"message":"\u001b[90m> \u001b[39m     at Route.dispatch (C:\\Users\\Ariel Irmawan\\Desktop\\Kintone\\Vantage\\Vantage-mailing\\functions\\node_modules\\express\\lib\\router\\route.js:119:3)"}}
[info] >      at Layer.handle [as handle_request] (C:\Users\Ariel Irmawan\Desktop\Kintone\Vantage\Vantage-mailing\functions\node_modules\express\lib\router\layer.js:95:5) {"user":"    at Layer.handle [as handle_request] (C:\\Users\\Ariel Irmawan\\Desktop\\Kintone\\Vantage\\Vantage-mailing\\functions\\node_modules\\express\\lib\\router\\layer.js:95:5)","metadata":{"emulator":{"name":"functions"},"function":{"name":"us-central1-api"},"extension":{},"message":"\u001b[90m> \u001b[39m     at Layer.handle [as handle_request] (C:\\Users\\Ariel Irmawan\\Desktop\\Kintone\\Vantage\\Vantage-mailing\\functions\\node_modules\\express\\lib\\router\\layer.js:95:5)"}}
[info] >      at C:\Users\Ariel Irmawan\Desktop\Kintone\Vantage\Vantage-mailing\functions\node_modules\express\lib\router\index.js:284:15 {"user":"    at C:\\Users\\Ariel Irmawan\\Desktop\\Kintone\\Vantage\\Vantage-mailing\\functions\\node_modules\\express\\lib\\router\\index.js:284:15","metadata":{"emulator":{"name":"functions"},"function":{"name":"us-central1-api"},"extension":{},"message":"\u001b[90m> \u001b[39m     at C:\\Users\\Ariel Irmawan\\Desktop\\Kintone\\Vantage\\Vantage-mailing\\functions\\node_modules\\express\\lib\\router\\index.js:284:15"}}
[info] >      at Function.process_params (C:\Users\Ariel Irmawan\Desktop\Kintone\Vantage\Vantage-mailing\functions\node_modules\express\lib\router\index.js:346:12) {"user":"    at Function.process_params (C:\\Users\\Ariel Irmawan\\Desktop\\Kintone\\Vantage\\Vantage-mailing\\functions\\node_modules\\express\\lib\\router\\index.js:346:12)","metadata":{"emulator":{"name":"functions"},"function":{"name":"us-central1-api"},"extension":{},"message":"\u001b[90m> \u001b[39m     at Function.process_params (C:\\Users\\Ariel Irmawan\\Desktop\\Kintone\\Vantage\\Vantage-mailing\\functions\\node_modules\\express\\lib\\router\\index.js:346:12)"}}
[info] >  ini body : undefined undefined undefined undefined {"user":"ini body : undefined undefined undefined undefined","metadata":{"emulator":{"name":"functions"},"function":{"name":"us-central1-api"},"extension":{},"message":"\u001b[90m> \u001b[39m ini body : undefined undefined undefined undefined"}}
[info] >  new code {"user":"new code","metadata":{"emulator":{"name":"functions"},"function":{"name":"us-central1-api"},"extension":{},"message":"\u001b[90m> \u001b[39m new code"}}
[debug] [2025-03-11T07:35:37.780Z] Finishing up request with event=pause {"metadata":{"emulator":{"name":"functions"},"function":{"name":"us-central1-api"},"extension":{},"message":"Finishing up request with event=pause"}}
[info] i  functions: Finished "us-central1-api" in 18.4336ms {"metadata":{"emulator":{"name":"functions"},"function":{"name":"us-central1-api"},"extension":{},"message":"Finished \"us-central1-api\" in 18.4336ms"}}
[debug] [2025-03-11T07:35:37.787Z] [worker-us-central1-api-9c3410ef-ed92-42bc-8e5b-5d04093d2aa8]: IDLE {"metadata":{"emulator":{"name":"functions"},"function":{"name":"us-central1-api"},"extension":{},"message":"[worker-us-central1-api-9c3410ef-ed92-42bc-8e5b-5d04093d2aa8]: IDLE"}}
[debug] [2025-03-11T07:35:37.787Z] Finishing up request with event=finish {"metadata":{"emulator":{"name":"functions"},"function":{"name":"us-central1-api"},"extension":{},"message":"Finishing up request with event=finish"}}
[debug] [2025-03-11T07:35:37.787Z] Finishing up request with event=close {"metadata":{"emulator":{"name":"functions"},"function":{"name":"us-central1-api"},"extension":{},"message":"Finishing up request with event=close"}}
[debug] [2025-03-11T07:35:37.787Z] [work-queue] {"queuedWork":[],"queueLength":0,"runningWork":[],"workRunningCount":0}
[debug] [2025-03-11T07:37:00.303Z] [work-queue] {"queuedWork":["/poc-tp-vantage/us-central1/api/email/post-2025-03-11T07:37:00.303Z"],"queueLength":1,"runningWork":[],"workRunningCount":0}
[debug] [2025-03-11T07:37:00.303Z] [work-queue] {"queuedWork":[],"queueLength":0,"runningWork":["/poc-tp-vantage/us-central1/api/email/post-2025-03-11T07:37:00.303Z"],"workRunningCount":1}
[debug] [2025-03-11T07:37:00.303Z] Accepted request POST /poc-tp-vantage/us-central1/api/email/post --> us-central1-api
[debug] [2025-03-11T07:37:00.306Z] [functions] Runtime ready! Sending request! {"metadata":{"emulator":{"name":"functions"},"message":"[functions] Runtime ready! Sending request!"}}
[debug] [2025-03-11T07:37:00.306Z] [functions] Got req.url=/poc-tp-vantage/us-central1/api/email/post, mapping to path=/email/post {"metadata":{"emulator":{"name":"functions"},"message":"[functions] Got req.url=/poc-tp-vantage/us-central1/api/email/post, mapping to path=/email/post"}}
[debug] [2025-03-11T07:37:00.306Z] [worker-pool] submitRequest(triggerId=us-central1-api) {"metadata":{"emulator":{"name":"functions"},"message":"[worker-pool] submitRequest(triggerId=us-central1-api)"}}
[info] i  functions: Beginning execution of "us-central1-api" {"metadata":{"emulator":{"name":"functions"},"function":{"name":"us-central1-api"},"extension":{},"message":"Beginning execution of \"us-central1-api\""}}
[debug] [2025-03-11T07:37:00.307Z] [worker-us-central1-api-9c3410ef-ed92-42bc-8e5b-5d04093d2aa8]: BUSY {"metadata":{"emulator":{"name":"functions"},"function":{"name":"us-central1-api"},"extension":{},"message":"[worker-us-central1-api-9c3410ef-ed92-42bc-8e5b-5d04093d2aa8]: BUSY"}}
[info] >  ini req body: <Buffer 2d 2d 2d 2d 2d 2d 2d 2d 2d 2d 2d 2d 2d 2d 2d 2d 2d 2d 2d 2d 2d 2d 2d 2d 2d 2d 2d 2d 38 37 31 30 39 31 31 37 33 35 35 30 39 32 33 31 33 35 33 31 31 34 ... 96617 more bytes> {"user":"ini req body: <Buffer 2d 2d 2d 2d 2d 2d 2d 2d 2d 2d 2d 2d 2d 2d 2d 2d 2d 2d 2d 2d 2d 2d 2d 2d 2d 2d 2d 2d 38 37 31 30 39 31 31 37 33 35 35 30 39 32 33 31 33 35 33 31 31 34 ... 96617 more bytes>","metadata":{"emulator":{"name":"functions"},"function":{"name":"us-central1-api"},"extension":{},"message":"\u001b[90m> \u001b[39m ini req body: <Buffer 2d 2d 2d 2d 2d 2d 2d 2d 2d 2d 2d 2d 2d 2d 2d 2d 2d 2d 2d 2d 2d 2d 2d 2d 2d 2d 2d 2d 38 37 31 30 39 31 31 37 33 35 35 30 39 32 33 31 33 35 33 31 31 34 ... 96617 more bytes>"}}
[info] >  TypeError: Cannot read properties of undefined (reading 'replace') {"user":"TypeError: Cannot read properties of undefined (reading 'replace')","metadata":{"emulator":{"name":"functions"},"function":{"name":"us-central1-api"},"extension":{},"message":"\u001b[90m> \u001b[39m TypeError: Cannot read properties of undefined (reading 'replace')"}}
[info] >      at postEmail (C:\Users\Ariel Irmawan\Desktop\Kintone\Vantage\Vantage-mailing\functions\lib\src\Handlers\postEmail.js:74:42) {"user":"    at postEmail (C:\\Users\\Ariel Irmawan\\Desktop\\Kintone\\Vantage\\Vantage-mailing\\functions\\lib\\src\\Handlers\\postEmail.js:74:42)","metadata":{"emulator":{"name":"functions"},"function":{"name":"us-central1-api"},"extension":{},"message":"\u001b[90m> \u001b[39m     at postEmail (C:\\Users\\Ariel Irmawan\\Desktop\\Kintone\\Vantage\\Vantage-mailing\\functions\\lib\\src\\Handlers\\postEmail.js:74:42)"}}
[info] >      at Layer.handle [as handle_request] (C:\Users\Ariel Irmawan\Desktop\Kintone\Vantage\Vantage-mailing\functions\node_modules\express\lib\router\layer.js:95:5) {"user":"    at Layer.handle [as handle_request] (C:\\Users\\Ariel Irmawan\\Desktop\\Kintone\\Vantage\\Vantage-mailing\\functions\\node_modules\\express\\lib\\router\\layer.js:95:5)","metadata":{"emulator":{"name":"functions"},"function":{"name":"us-central1-api"},"extension":{},"message":"\u001b[90m> \u001b[39m     at Layer.handle [as handle_request] (C:\\Users\\Ariel Irmawan\\Desktop\\Kintone\\Vantage\\Vantage-mailing\\functions\\node_modules\\express\\lib\\router\\layer.js:95:5)"}}
[info] >      at next (C:\Users\Ariel Irmawan\Desktop\Kintone\Vantage\Vantage-mailing\functions\node_modules\express\lib\router\route.js:149:13) {"user":"    at next (C:\\Users\\Ariel Irmawan\\Desktop\\Kintone\\Vantage\\Vantage-mailing\\functions\\node_modules\\express\\lib\\router\\route.js:149:13)","metadata":{"emulator":{"name":"functions"},"function":{"name":"us-central1-api"},"extension":{},"message":"\u001b[90m> \u001b[39m     at next (C:\\Users\\Ariel Irmawan\\Desktop\\Kintone\\Vantage\\Vantage-mailing\\functions\\node_modules\\express\\lib\\router\\route.js:149:13)"}}
[info] >      at multipart (C:\Users\Ariel Irmawan\Desktop\Kintone\Vantage\Vantage-mailing\node_modules\connect-multiparty\index.js:49:27) {"user":"    at multipart (C:\\Users\\Ariel Irmawan\\Desktop\\Kintone\\Vantage\\Vantage-mailing\\node_modules\\connect-multiparty\\index.js:49:27)","metadata":{"emulator":{"name":"functions"},"function":{"name":"us-central1-api"},"extension":{},"message":"\u001b[90m> \u001b[39m     at multipart (C:\\Users\\Ariel Irmawan\\Desktop\\Kintone\\Vantage\\Vantage-mailing\\node_modules\\connect-multiparty\\index.js:49:27)"}}
[info] >      at Layer.handle [as handle_request] (C:\Users\Ariel Irmawan\Desktop\Kintone\Vantage\Vantage-mailing\functions\node_modules\express\lib\router\layer.js:95:5) {"user":"    at Layer.handle [as handle_request] (C:\\Users\\Ariel Irmawan\\Desktop\\Kintone\\Vantage\\Vantage-mailing\\functions\\node_modules\\express\\lib\\router\\layer.js:95:5)","metadata":{"emulator":{"name":"functions"},"function":{"name":"us-central1-api"},"extension":{},"message":"\u001b[90m> \u001b[39m     at Layer.handle [as handle_request] (C:\\Users\\Ariel Irmawan\\Desktop\\Kintone\\Vantage\\Vantage-mailing\\functions\\node_modules\\express\\lib\\router\\layer.js:95:5)"}}
[info] >      at next (C:\Users\Ariel Irmawan\Desktop\Kintone\Vantage\Vantage-mailing\functions\node_modules\express\lib\router\route.js:149:13) {"user":"    at next (C:\\Users\\Ariel Irmawan\\Desktop\\Kintone\\Vantage\\Vantage-mailing\\functions\\node_modules\\express\\lib\\router\\route.js:149:13)","metadata":{"emulator":{"name":"functions"},"function":{"name":"us-central1-api"},"extension":{},"message":"\u001b[90m> \u001b[39m     at next (C:\\Users\\Ariel Irmawan\\Desktop\\Kintone\\Vantage\\Vantage-mailing\\functions\\node_modules\\express\\lib\\router\\route.js:149:13)"}}
[info] >      at Route.dispatch (C:\Users\Ariel Irmawan\Desktop\Kintone\Vantage\Vantage-mailing\functions\node_modules\express\lib\router\route.js:119:3) {"user":"    at Route.dispatch (C:\\Users\\Ariel Irmawan\\Desktop\\Kintone\\Vantage\\Vantage-mailing\\functions\\node_modules\\express\\lib\\router\\route.js:119:3)","metadata":{"emulator":{"name":"functions"},"function":{"name":"us-central1-api"},"extension":{},"message":"\u001b[90m> \u001b[39m     at Route.dispatch (C:\\Users\\Ariel Irmawan\\Desktop\\Kintone\\Vantage\\Vantage-mailing\\functions\\node_modules\\express\\lib\\router\\route.js:119:3)"}}
[info] >      at Layer.handle [as handle_request] (C:\Users\Ariel Irmawan\Desktop\Kintone\Vantage\Vantage-mailing\functions\node_modules\express\lib\router\layer.js:95:5) {"user":"    at Layer.handle [as handle_request] (C:\\Users\\Ariel Irmawan\\Desktop\\Kintone\\Vantage\\Vantage-mailing\\functions\\node_modules\\express\\lib\\router\\layer.js:95:5)","metadata":{"emulator":{"name":"functions"},"function":{"name":"us-central1-api"},"extension":{},"message":"\u001b[90m> \u001b[39m     at Layer.handle [as handle_request] (C:\\Users\\Ariel Irmawan\\Desktop\\Kintone\\Vantage\\Vantage-mailing\\functions\\node_modules\\express\\lib\\router\\layer.js:95:5)"}}
[info] >      at C:\Users\Ariel Irmawan\Desktop\Kintone\Vantage\Vantage-mailing\functions\node_modules\express\lib\router\index.js:284:15 {"user":"    at C:\\Users\\Ariel Irmawan\\Desktop\\Kintone\\Vantage\\Vantage-mailing\\functions\\node_modules\\express\\lib\\router\\index.js:284:15","metadata":{"emulator":{"name":"functions"},"function":{"name":"us-central1-api"},"extension":{},"message":"\u001b[90m> \u001b[39m     at C:\\Users\\Ariel Irmawan\\Desktop\\Kintone\\Vantage\\Vantage-mailing\\functions\\node_modules\\express\\lib\\router\\index.js:284:15"}}
[info] >      at Function.process_params (C:\Users\Ariel Irmawan\Desktop\Kintone\Vantage\Vantage-mailing\functions\node_modules\express\lib\router\index.js:346:12) {"user":"    at Function.process_params (C:\\Users\\Ariel Irmawan\\Desktop\\Kintone\\Vantage\\Vantage-mailing\\functions\\node_modules\\express\\lib\\router\\index.js:346:12)","metadata":{"emulator":{"name":"functions"},"function":{"name":"us-central1-api"},"extension":{},"message":"\u001b[90m> \u001b[39m     at Function.process_params (C:\\Users\\Ariel Irmawan\\Desktop\\Kintone\\Vantage\\Vantage-mailing\\functions\\node_modules\\express\\lib\\router\\index.js:346:12)"}}
[info] >  ini body : undefined undefined undefined undefined {"user":"ini body : undefined undefined undefined undefined","metadata":{"emulator":{"name":"functions"},"function":{"name":"us-central1-api"},"extension":{},"message":"\u001b[90m> \u001b[39m ini body : undefined undefined undefined undefined"}}
[info] >  new code {"user":"new code","metadata":{"emulator":{"name":"functions"},"function":{"name":"us-central1-api"},"extension":{},"message":"\u001b[90m> \u001b[39m new code"}}
[debug] [2025-03-11T07:37:00.314Z] Finishing up request with event=pause {"metadata":{"emulator":{"name":"functions"},"function":{"name":"us-central1-api"},"extension":{},"message":"Finishing up request with event=pause"}}
[info] i  functions: Finished "us-central1-api" in 7.7354ms {"metadata":{"emulator":{"name":"functions"},"function":{"name":"us-central1-api"},"extension":{},"message":"Finished \"us-central1-api\" in 7.7354ms"}}
[debug] [2025-03-11T07:37:00.315Z] [worker-us-central1-api-9c3410ef-ed92-42bc-8e5b-5d04093d2aa8]: IDLE {"metadata":{"emulator":{"name":"functions"},"function":{"name":"us-central1-api"},"extension":{},"message":"[worker-us-central1-api-9c3410ef-ed92-42bc-8e5b-5d04093d2aa8]: IDLE"}}
[debug] [2025-03-11T07:37:00.315Z] Finishing up request with event=finish {"metadata":{"emulator":{"name":"functions"},"function":{"name":"us-central1-api"},"extension":{},"message":"Finishing up request with event=finish"}}
[debug] [2025-03-11T07:37:00.315Z] Finishing up request with event=close {"metadata":{"emulator":{"name":"functions"},"function":{"name":"us-central1-api"},"extension":{},"message":"Finishing up request with event=close"}}
[debug] [2025-03-11T07:37:00.315Z] [work-queue] {"queuedWork":[],"queueLength":0,"runningWork":[],"workRunningCount":0}
